D:\Fakultet\nastava\predmeti\oop\radni\msvsproject\tsslib\Debug\cl.command.1.tlog
D:\Fakultet\nastava\predmeti\oop\radni\msvsproject\tsslib\Debug\CL.read.1.tlog
D:\Fakultet\nastava\predmeti\oop\radni\msvsproject\tsslib\Debug\CL.write.1.tlog
D:\Fakultet\nastava\predmeti\oop\radni\msvsproject\tsslib\Debug\CrossSem.obj
D:\Fakultet\nastava\predmeti\oop\radni\msvsproject\tsslib\Debug\FlowSink.obj
D:\Fakultet\nastava\predmeti\oop\radni\msvsproject\tsslib\Debug\FlowSource.obj
D:\Fakultet\nastava\predmeti\oop\radni\msvsproject\tsslib\Debug\lib.command.1.tlog
D:\Fakultet\nastava\predmeti\oop\radni\msvsproject\tsslib\Debug\Lib-link.read.1.tlog
D:\Fakultet\nastava\predmeti\oop\radni\msvsproject\tsslib\Debug\Lib-link.write.1.tlog
D:\Fakultet\nastava\predmeti\oop\radni\msvsproject\tsslib\Debug\Pipe.obj
D:\Fakultet\nastava\predmeti\oop\radni\msvsproject\tsslib\Debug\QueServer.obj
D:\Fakultet\nastava\predmeti\oop\radni\msvsproject\tsslib\Debug\ResolveAssemblyReference.cache
D:\Fakultet\nastava\predmeti\oop\radni\msvsproject\tsslib\Debug\Switch1to3.obj
D:\Fakultet\nastava\predmeti\oop\radni\msvsproject\tsslib\Debug\tsslib.write.1.tlog
D:\Fakultet\nastava\predmeti\oop\radni\msvsproject\tsslib\Debug\vc100.idb
D:\Fakultet\nastava\predmeti\oop\radni\msvsproject\tsslib\Debug\vc100.pdb
D:\Fakultet\nastava\predmeti\oop\radni\msvsproject\tsslib\Debug\VModelChecker.obj
D:\Fakultet\nastava\predmeti\oop\radni\msvsproject\tsslib\Debug\VModelDocumenter.obj
D:\Fakultet\nastava\predmeti\oop\radni\msvsproject\tsslib\Debug\VSimReporter.obj
D:\Fakultet\nastava\predmeti\oop\radni\msvsproject\tsslib\Debug\VTxtOutputGen.obj
D:\FAKULTET\NASTAVA\PREDMETI\OOP\RADNI\TSS\DEBUG\TSSLIB.LIB
D:\FAKULTET\NASTAVA\PREDMETI\OOP\RADNI\TSS\TSSLIB\DEBUG\CROSSSEM.OBJ
D:\FAKULTET\NASTAVA\PREDMETI\OOP\RADNI\TSS\TSSLIB\DEBUG\FLOWSINK.OBJ
D:\FAKULTET\NASTAVA\PREDMETI\OOP\RADNI\TSS\TSSLIB\DEBUG\FLOWSOURCE.OBJ
D:\FAKULTET\NASTAVA\PREDMETI\OOP\RADNI\TSS\TSSLIB\DEBUG\PIPE.OBJ
D:\FAKULTET\NASTAVA\PREDMETI\OOP\RADNI\TSS\TSSLIB\DEBUG\QUESERVER.OBJ
D:\FAKULTET\NASTAVA\PREDMETI\OOP\RADNI\TSS\TSSLIB\DEBUG\SWITCH1TO3.OBJ
D:\FAKULTET\NASTAVA\PREDMETI\OOP\RADNI\TSS\TSSLIB\DEBUG\VC100.PDB
D:\FAKULTET\NASTAVA\PREDMETI\OOP\RADNI\TSS\TSSLIB\DEBUG\VMODELCHECKER.OBJ
D:\FAKULTET\NASTAVA\PREDMETI\OOP\RADNI\TSS\TSSLIB\DEBUG\VMODELDOCUMENTER.OBJ
D:\FAKULTET\NASTAVA\PREDMETI\OOP\RADNI\TSS\TSSLIB\DEBUG\VSIMREPORTER.OBJ
D:\FAKULTET\NASTAVA\PREDMETI\OOP\RADNI\TSS\TSSLIB\DEBUG\VTXTOUTPUTGEN.OBJ
