D:\Fakultet\nastava\predmeti\oop\radni\msvsproject\oop_pr\Debug\cl.command.1.tlog
D:\Fakultet\nastava\predmeti\oop\radni\msvsproject\oop_pr\Debug\CL.read.1.tlog
D:\Fakultet\nastava\predmeti\oop\radni\msvsproject\oop_pr\Debug\CL.write.1.tlog
D:\Fakultet\nastava\predmeti\oop\radni\msvsproject\oop_pr\Debug\link.5724.read.1.tlog
D:\Fakultet\nastava\predmeti\oop\radni\msvsproject\oop_pr\Debug\link.5724.write.1.tlog
D:\Fakultet\nastava\predmeti\oop\radni\msvsproject\oop_pr\Debug\link.5724-cvtres.read.1.tlog
D:\Fakultet\nastava\predmeti\oop\radni\msvsproject\oop_pr\Debug\link.5724-cvtres.write.1.tlog
D:\Fakultet\nastava\predmeti\oop\radni\msvsproject\oop_pr\Debug\link.command.1.tlog
D:\Fakultet\nastava\predmeti\oop\radni\msvsproject\oop_pr\Debug\link.read.1.tlog
D:\Fakultet\nastava\predmeti\oop\radni\msvsproject\oop_pr\Debug\link.write.1.tlog
D:\Fakultet\nastava\predmeti\oop\radni\msvsproject\oop_pr\Debug\link-cvtres.read.1.tlog
D:\Fakultet\nastava\predmeti\oop\radni\msvsproject\oop_pr\Debug\link-cvtres.write.1.tlog
D:\Fakultet\nastava\predmeti\oop\radni\msvsproject\oop_pr\Debug\mt.command.1.tlog
D:\Fakultet\nastava\predmeti\oop\radni\msvsproject\oop_pr\Debug\mt.read.1.tlog
D:\Fakultet\nastava\predmeti\oop\radni\msvsproject\oop_pr\Debug\mt.write.1.tlog
D:\Fakultet\nastava\predmeti\oop\radni\msvsproject\oop_pr\Debug\oop_pr.exe.embed.manifest
D:\Fakultet\nastava\predmeti\oop\radni\msvsproject\oop_pr\Debug\oop_pr.exe.embed.manifest.res
D:\Fakultet\nastava\predmeti\oop\radni\msvsproject\oop_pr\Debug\oop_pr.exe.intermediate.manifest
D:\Fakultet\nastava\predmeti\oop\radni\msvsproject\oop_pr\Debug\oop_pr.obj
D:\Fakultet\nastava\predmeti\oop\radni\msvsproject\oop_pr\Debug\oop_pr_manifest.rc
D:\Fakultet\nastava\predmeti\oop\radni\msvsproject\oop_pr\Debug\rc.command.1.tlog
D:\Fakultet\nastava\predmeti\oop\radni\msvsproject\oop_pr\Debug\rc.read.1.tlog
D:\Fakultet\nastava\predmeti\oop\radni\msvsproject\oop_pr\Debug\rc.write.1.tlog
D:\Fakultet\nastava\predmeti\oop\radni\msvsproject\oop_pr\Debug\vc100.idb
D:\Fakultet\nastava\predmeti\oop\radni\msvsproject\oop_pr\Debug\vc100.pdb
D:\FAKULTET\NASTAVA\PREDMETI\OOP\RADNI\TSS\DEBUG\OOP_PR.EXE
D:\FAKULTET\NASTAVA\PREDMETI\OOP\RADNI\TSS\DEBUG\OOP_PR.ILK
D:\FAKULTET\NASTAVA\PREDMETI\OOP\RADNI\TSS\DEBUG\OOP_PR.PDB
D:\FAKULTET\NASTAVA\PREDMETI\OOP\RADNI\TSS\OOP_PR\DEBUG\OOP_PR.EXE.EMBED.MANIFEST
D:\FAKULTET\NASTAVA\PREDMETI\OOP\RADNI\TSS\OOP_PR\DEBUG\OOP_PR.EXE.EMBED.MANIFEST.RES
D:\FAKULTET\NASTAVA\PREDMETI\OOP\RADNI\TSS\OOP_PR\DEBUG\OOP_PR.EXE.INTERMEDIATE.MANIFEST
D:\FAKULTET\NASTAVA\PREDMETI\OOP\RADNI\TSS\OOP_PR\DEBUG\OOP_PR.OBJ
D:\FAKULTET\NASTAVA\PREDMETI\OOP\RADNI\TSS\OOP_PR\DEBUG\VC100.PDB
